<?xml version="1.0" encoding="UTF-8"?>
<testsuite name="com.example.LoanScheduler.LoanSchedulerApplicationTests" tests="1" skipped="0" failures="0" errors="0" timestamp="2021-11-22T22:31:50" hostname="KAPA" time="0.184">
  <properties/>
  <testcase name="timetableSHouldHaveDecreasingInstallments()" classname="com.example.LoanScheduler.LoanSchedulerApplicationTests" time="0.184"/>
  <system-out><![CDATA[23:31:46.120 [Test worker] DEBUG org.springframework.test.context.BootstrapUtils - Instantiating CacheAwareContextLoaderDelegate from class [org.springframework.test.context.cache.DefaultCacheAwareContextLoaderDelegate]
23:31:46.128 [Test worker] DEBUG org.springframework.test.context.BootstrapUtils - Instantiating BootstrapContext using constructor [public org.springframework.test.context.support.DefaultBootstrapContext(java.lang.Class,org.springframework.test.context.CacheAwareContextLoaderDelegate)]
23:31:46.160 [Test worker] DEBUG org.springframework.test.context.BootstrapUtils - Instantiating TestContextBootstrapper for test class [com.example.LoanScheduler.LoanSchedulerApplicationTests] from class [org.springframework.boot.test.context.SpringBootTestContextBootstrapper]
23:31:46.169 [Test worker] INFO org.springframework.boot.test.context.SpringBootTestContextBootstrapper - Neither @ContextConfiguration nor @ContextHierarchy found for test class [com.example.LoanScheduler.LoanSchedulerApplicationTests], using SpringBootContextLoader
23:31:46.172 [Test worker] DEBUG org.springframework.test.context.support.AbstractContextLoader - Did not detect default resource location for test class [com.example.LoanScheduler.LoanSchedulerApplicationTests]: class path resource [com/example/LoanScheduler/LoanSchedulerApplicationTests-context.xml] does not exist
23:31:46.173 [Test worker] DEBUG org.springframework.test.context.support.AbstractContextLoader - Did not detect default resource location for test class [com.example.LoanScheduler.LoanSchedulerApplicationTests]: class path resource [com/example/LoanScheduler/LoanSchedulerApplicationTestsContext.groovy] does not exist
23:31:46.173 [Test worker] INFO org.springframework.test.context.support.AbstractContextLoader - Could not detect default resource locations for test class [com.example.LoanScheduler.LoanSchedulerApplicationTests]: no resource found for suffixes {-context.xml, Context.groovy}.
23:31:46.174 [Test worker] INFO org.springframework.test.context.support.AnnotationConfigContextLoaderUtils - Could not detect default configuration classes for test class [com.example.LoanScheduler.LoanSchedulerApplicationTests]: LoanSchedulerApplicationTests does not declare any static, non-private, non-final, nested classes annotated with @Configuration.
23:31:46.215 [Test worker] DEBUG org.springframework.test.context.support.ActiveProfilesUtils - Could not find an 'annotation declaring class' for annotation type [org.springframework.test.context.ActiveProfiles] and class [com.example.LoanScheduler.LoanSchedulerApplicationTests]
23:31:46.281 [Test worker] DEBUG org.springframework.context.annotation.ClassPathScanningCandidateComponentProvider - Identified candidate component class: file [D:\Studia\POJ\Lab1\JAZ_st_2021_gr5\lab06\build\classes\java\main\com\example\LoanScheduler\LoanSchedulerApplication.class]
23:31:46.282 [Test worker] INFO org.springframework.boot.test.context.SpringBootTestContextBootstrapper - Found @SpringBootConfiguration com.example.LoanScheduler.LoanSchedulerApplication for test class com.example.LoanScheduler.LoanSchedulerApplicationTests
23:31:46.399 [Test worker] DEBUG org.springframework.boot.test.context.SpringBootTestContextBootstrapper - @TestExecutionListeners is not present for class [com.example.LoanScheduler.LoanSchedulerApplicationTests]: using defaults.
23:31:46.400 [Test worker] INFO org.springframework.boot.test.context.SpringBootTestContextBootstrapper - Loaded default TestExecutionListener class names from location [META-INF/spring.factories]: [org.springframework.boot.test.autoconfigure.restdocs.RestDocsTestExecutionListener, org.springframework.boot.test.autoconfigure.web.client.MockRestServiceServerResetTestExecutionListener, org.springframework.boot.test.autoconfigure.web.servlet.MockMvcPrintOnlyOnFailureTestExecutionListener, org.springframework.boot.test.autoconfigure.web.servlet.WebDriverTestExecutionListener, org.springframework.boot.test.autoconfigure.webservices.client.MockWebServiceServerTestExecutionListener, org.springframework.boot.test.mock.mockito.MockitoTestExecutionListener, org.springframework.boot.test.mock.mockito.ResetMocksTestExecutionListener, org.springframework.test.context.web.ServletTestExecutionListener, org.springframework.test.context.support.DirtiesContextBeforeModesTestExecutionListener, org.springframework.test.context.event.ApplicationEventsTestExecutionListener, org.springframework.test.context.support.DependencyInjectionTestExecutionListener, org.springframework.test.context.support.DirtiesContextTestExecutionListener, org.springframework.test.context.transaction.TransactionalTestExecutionListener, org.springframework.test.context.jdbc.SqlScriptsTestExecutionListener, org.springframework.test.context.event.EventPublishingTestExecutionListener]
23:31:46.415 [Test worker] INFO org.springframework.boot.test.context.SpringBootTestContextBootstrapper - Using TestExecutionListeners: [org.springframework.test.context.web.ServletTestExecutionListener@7fcbe147, org.springframework.test.context.support.DirtiesContextBeforeModesTestExecutionListener@235f4c10, org.springframework.test.context.event.ApplicationEventsTestExecutionListener@743cb8e0, org.springframework.boot.test.mock.mockito.MockitoTestExecutionListener@c7a975a, org.springframework.boot.test.autoconfigure.SpringBootDependencyInjectionTestExecutionListener@2c1b9e4b, org.springframework.test.context.support.DirtiesContextTestExecutionListener@757d6814, org.springframework.test.context.transaction.TransactionalTestExecutionListener@649725e3, org.springframework.test.context.jdbc.SqlScriptsTestExecutionListener@3c0fae6c, org.springframework.test.context.event.EventPublishingTestExecutionListener@4c168660, org.springframework.boot.test.autoconfigure.restdocs.RestDocsTestExecutionListener@52b56a3e, org.springframework.boot.test.autoconfigure.web.client.MockRestServiceServerResetTestExecutionListener@fd0e5b6, org.springframework.boot.test.autoconfigure.web.servlet.MockMvcPrintOnlyOnFailureTestExecutionListener@4eed46ee, org.springframework.boot.test.autoconfigure.web.servlet.WebDriverTestExecutionListener@36b0fcd5, org.springframework.boot.test.autoconfigure.webservices.client.MockWebServiceServerTestExecutionListener@4fad94a7, org.springframework.boot.test.mock.mockito.ResetMocksTestExecutionListener@475835b1]
23:31:46.420 [Test worker] DEBUG org.springframework.test.context.support.AbstractDirtiesContextTestExecutionListener - Before test class: context [DefaultTestContext@64337702 testClass = LoanSchedulerApplicationTests, testInstance = [null], testMethod = [null], testException = [null], mergedContextConfiguration = [WebMergedContextConfiguration@2cf92cc7 testClass = LoanSchedulerApplicationTests, locations = '{}', classes = '{class com.example.LoanScheduler.LoanSchedulerApplication}', contextInitializerClasses = '[]', activeProfiles = '{}', propertySourceLocations = '{}', propertySourceProperties = '{org.springframework.boot.test.context.SpringBootTestContextBootstrapper=true}', contextCustomizers = set[org.springframework.boot.test.autoconfigure.actuate.metrics.MetricsExportContextCustomizerFactory$DisableMetricExportContextCustomizer@460ebd80, org.springframework.boot.test.autoconfigure.properties.PropertyMappingContextCustomizer@0, org.springframework.boot.test.autoconfigure.web.servlet.WebDriverContextCustomizerFactory$Customizer@16414e40, org.springframework.boot.test.context.filter.ExcludeFilterContextCustomizer@78383390, org.springframework.boot.test.json.DuplicateJsonObjectContextCustomizerFactory$DuplicateJsonObjectContextCustomizer@db57326, org.springframework.boot.test.mock.mockito.MockitoContextCustomizer@0, org.springframework.boot.test.web.client.TestRestTemplateContextCustomizer@691939c9, org.springframework.boot.test.context.SpringBootTestArgs@1, org.springframework.boot.test.context.SpringBootTestWebEnvironment@1b6e1eff], resourceBasePath = 'src/main/webapp', contextLoader = 'org.springframework.boot.test.context.SpringBootContextLoader', parent = [null]], attributes = map['org.springframework.test.context.web.ServletTestExecutionListener.activateListener' -> true]], class annotated with @DirtiesContext [false] with mode [null].
23:31:46.466 [Test worker] DEBUG org.springframework.boot.ApplicationServletEnvironment - Activating profiles []
23:31:46.469 [Test worker] DEBUG org.springframework.test.context.support.TestPropertySourceUtils - Adding inlined properties to environment: {spring.jmx.enabled=false, org.springframework.boot.test.context.SpringBootTestContextBootstrapper=true}

  .   ____          _            __ _ _
 /\\ / ___'_ __ _ _(_)_ __  __ _ \ \ \ \
( ( )\___ | '_ | '_| | '_ \/ _` | \ \ \ \
 \\/  ___)| |_)| | | | | || (_| |  ) ) ) )
  '  |____| .__|_| |_|_| |_\__, | / / / /
 =========|_|==============|___/=/_/_/_/
 :: Spring Boot ::                (v2.6.0)

2021-11-22 23:31:46.752  INFO 17680 --- [    Test worker] c.e.L.LoanSchedulerApplicationTests      : Starting LoanSchedulerApplicationTests using Java 16.0.2 on Kapa with PID 17680 (started by Kapa in D:\Studia\POJ\Lab1\JAZ_st_2021_gr5\lab06)
2021-11-22 23:31:46.753  INFO 17680 --- [    Test worker] c.e.L.LoanSchedulerApplicationTests      : No active profile set, falling back to default profiles: default
2021-11-22 23:31:47.378  INFO 17680 --- [    Test worker] .s.d.r.c.RepositoryConfigurationDelegate : Bootstrapping Spring Data JPA repositories in DEFAULT mode.
2021-11-22 23:31:47.427  INFO 17680 --- [    Test worker] .s.d.r.c.RepositoryConfigurationDelegate : Finished Spring Data repository scanning in 42 ms. Found 2 JPA repository interfaces.
2021-11-22 23:31:47.997  INFO 17680 --- [    Test worker] o.hibernate.jpa.internal.util.LogHelper  : HHH000204: Processing PersistenceUnitInfo [name: default]
2021-11-22 23:31:48.080  INFO 17680 --- [    Test worker] org.hibernate.Version                    : HHH000412: Hibernate ORM core version 5.6.1.Final
2021-11-22 23:31:48.227  INFO 17680 --- [    Test worker] o.hibernate.annotations.common.Version   : HCANN000001: Hibernate Commons Annotations {5.1.2.Final}
2021-11-22 23:31:48.368  INFO 17680 --- [    Test worker] com.zaxxer.hikari.HikariDataSource       : HikariPool-1 - Starting...
2021-11-22 23:31:48.546  INFO 17680 --- [    Test worker] com.zaxxer.hikari.HikariDataSource       : HikariPool-1 - Start completed.
2021-11-22 23:31:48.574  INFO 17680 --- [    Test worker] org.hibernate.dialect.Dialect            : HHH000400: Using dialect: org.hibernate.dialect.H2Dialect
2021-11-22 23:31:49.253  INFO 17680 --- [    Test worker] o.h.e.t.j.p.i.JtaPlatformInitiator       : HHH000490: Using JtaPlatform implementation: [org.hibernate.engine.transaction.jta.platform.internal.NoJtaPlatform]
2021-11-22 23:31:49.266  INFO 17680 --- [    Test worker] j.LocalContainerEntityManagerFactoryBean : Initialized JPA EntityManagerFactory for persistence unit 'default'
2021-11-22 23:31:49.771  WARN 17680 --- [    Test worker] JpaBaseConfiguration$JpaWebConfiguration : spring.jpa.open-in-view is enabled by default. Therefore, database queries may be performed during view rendering. Explicitly configure spring.jpa.open-in-view to disable this warning
2021-11-22 23:31:50.013  INFO 17680 --- [    Test worker] o.s.b.a.h2.H2ConsoleAutoConfiguration    : H2 console available at '/h2'. Database available at 'jdbc:h2:file:~/spring-boot-h2-db'
2021-11-22 23:31:50.338  INFO 17680 --- [    Test worker] c.e.L.LoanSchedulerApplicationTests      : Started LoanSchedulerApplicationTests in 3.867 seconds (JVM running for 5.063)
266.2810939116603
263.61828297254374
260.9821001428183
258.3722791413901
]]></system-out>
  <system-err><![CDATA[]]></system-err>
</testsuite>
